MARKER_ID	SNP_rs#      	bp_POSITION
        1	testSNP    	          0
        2	rs2523880  	   31150748
        3	rs2249231  	   31151211
        4	rs9263455  	   31151228
        5	rs2517483  	   31151603
        6	rs9378152  	   31153533
        7	rs2523860  	   31153553
        8	rs2523843  	   31154507
        9	rs3132564  	   31155599
       10	rs12200996 	   31156003
       11	rs2249876  	   31156366
       12	rs9263467  	   31156830
       13	rs3132562  	   31156971
       14	rs6926717  	   31157485
       15	rs9380215  	   31157634
       16	rs9263472  	   31158018
       17	rs9263473  	   31158158
       18	rs9263474  	   31158223
       19	rs9380216  	   31158794
       20	rs2535318  	   31159367
       21	rs9380217  	   31159532
       22	rs2535317  	   31159833
       23	rs2535316  	   31159920
       24	rs9263476  	   31160029
       25	rs2517471  	   31160077
       26	rs2535315  	   31160106
       27	rs2535311  	   31160663
       28	rs9263477  	   31160892
       29	rs2535307  	   31161720
       30	rs12202207 	   31161822
       31	rs2535306  	   31161846
       32	rs9263478  	   31162360
       33	rs3130955  	   31162490
       34	rs2535304  	   31162666
       35	rs12527394 	   31162997
       36	rs9263479  	   31163708
       37	rs3130959  	   31164337
       38	rs9263486  	   31164611
       39	rs9263490  	   31165191
       40	rs12209679 	   31165605
       41	rs4947296  	   31166157
       42	rs3130544  	   31166319
       43	rs2535301  	   31166606
       44	rs2535300  	   31167124
       45	rs2517465  	   31167150
       46	rs2535299  	   31167224
       47	rs2517464  	   31167233
       48	rs3130961  	   31167365
       49	rs2535298  	   31167441
       50	rs2517458  	   31167494
       51	rs2517456  	   31167804
       52	rs2517454  	   31168001
       53	rs2517453  	   31168094
       54	rs2517452  	   31168141
       55	rs2535296  	   31168198
       56	rs16898709 	   31169468
       57	rs2535294  	   31170112
       58	rs2535292  	   31170393
       59	rs2517448  	   31170646
       60	rs9263497  	   31170710
       61	rs2535291  	   31170878
       62	rs2535289  	   31171212
       63	rs11756674 	   31171215
       64	rs2517438  	   31172079
       65	rs2429722  	   31172284
       66	rs9263499  	   31172689
       67	rs9263507  	   31173787
       68	rs9263509  	   31174398
       69	rs9263510  	   31174564
       70	rs9263513  	   31174695
       71	rs9263516  	   31174865
       72	rs9263526  	   31175424
       73	rs4371876  	   31175529
       74	rs9263532  	   31175603
       75	rs7381697  	   31176005
       76	rs2517556  	   31176874
       77	rs9263565  	   31177468
       78	rs9394037  	   31178501
       79	rs9348854  	   31178503
       80	rs9263582  	   31178643
       81	rs2508010  	   31179079
       82	rs9263592  	   31179308
       83	rs9263600  	   31179624
       84	rs9263617  	   31180872
       85	rs9263619  	   31180958
       86	rs2517485  	   31182080
       87	rs6917039  	   31182903
       88	rs1064190  	   31183094
       89	rs9263625  	   31183140
       90	rs1064191  	   31183354
       91	rs2844635  	   31183460
       92	rs12204500 	   31184376
       93	rs2535277  	   31184743
       94	rs2517529  	   31184957
       95	rs9391709  	   31185384
       96	rs11756797 	   31185447
       97	rs1265066  	   31185579
       98	rs11754821 	   31185593
       99	rs1265064  	   31185711
      100	rs1265061  	   31186236
      101	rs1265059  	   31186474
      102	rs1265056  	   31186629
      103	rs1268928  	   31186878
      104	rs2233982  	   31187419
      105	rs1265053  	   31187868
      106	rs2233973  	   31188078
      107	rs2270191  	   31188299
      108	rs2233969  	   31188411
      109	rs1265052  	   31188450
      110	rs4495304  	   31188697
      111	rs2233967  	   31188807
      112	rs2233966  	   31188838
      113	rs2233964  	   31188898
      114	rs2233963  	   31188905
      115	rs3909178  	   31189230
      116	rs1265048  	   31189388
      117	rs3094222  	   31189413
      118	rs3130977  	   31189968
      119	rs6917517  	   31190340
      120	rs9295952  	   31190514
      121	rs3094220  	   31190966
      122	rs1042147  	   31191135
      123	rs3094219  	   31191265
      124	rs9501053  	   31191399
      125	rs1042141  	   31191445
      126	rs3130981  	   31191792
      127	rs1042126  	   31192267
      128	rs4713436  	   31192618
      129	rs3130984  	   31192943
      130	rs3132553  	   31193179
      131	rs7742033  	   31193205
      132	rs3130986  	   31193542
      133	rs3094212  	   31193749
      134	rs3130989  	   31194356
      135	rs3130991  	   31195333
      136	rs3130992  	   31195788
      137	rs3132545  	   31197104
      138	rs9468870  	   31197599
      139	rs4410768  	   31197687
      140	rs9468871  	   31198029
      141	rs3757346  	   31198116
      142	rs9295953  	   31198562
      143	rs9295954  	   31198581
      144	rs9295955  	   31198695
      145	rs3823405  	   31198730
      146	rs3823406  	   31198737
      147	rs9263687  	   31199813
      148	rs3094205  	   31199841
      149	rs11961297 	   31199924
      150	rs9263688  	   31199946
      151	rs3936988  	   31200197
      152	rs9263692  	   31201072
      153	rs6909321  	   31201169
      154	rs3815095  	   31201186
      155	rs3815088  	   31201559
      156	rs9263697  	   31201560
      157	rs3815087  	   31201566
      158	rs9263699  	   31201678
      159	rs3778640  	   31202099
      160	rs12191595 	   31202108
      161	rs9263702  	   31202174
      162	rs13209303 	   31202178
      163	rs12199460 	   31202707
      164	rs6932086  	   31203067
      165	rs9263707  	   31203225
      166	rs9461647  	   31203651
      167	rs3909111  	   31204107
      168	rs9263718  	   31204540
      169	rs9263719  	   31204554
      170	rs3130558  	   31205162
      171	rs3130559  	   31205280
      172	rs3734861  	   31205481
      173	rs4713437  	   31205803
      174	rs6929464  	   31205897
      175	rs3131006  	   31206113
      176	rs3131009  	   31206811
      177	rs13200022 	   31206936
      178	rs4959053  	   31207556
      179	rs9394039  	   31207568
      180	rs3823418  	   31208921
      181	rs3823421  	   31209124
      182	rs3130563  	   31209229
      183	rs3132569  	   31209405
      184	rs3130564  	   31209653
      185	rs1265100  	   31213289
      186	rs1265099  	   31213392
      187	rs2074478  	   31213612
      188	rs2233954  	   31213651
      189	rs2233952  	   31213870
      190	rs2233950  	   31214044
      191	rs1265098  	   31214156
      192	rs3130573  	   31214247
      193	rs1265097  	   31214438
      194	rs9263726  	   31214478
      195	rs9501057  	   31214495
      196	rs1265094  	   31214872
      197	rs2072108  	   31215010
      198	rs12526069 	   31215026
      199	rs2233947  	   31215034
      200	rs3094663  	   31215066
      201	rs1265093  	   31215166
      202	rs2285804  	   31215183
      203	rs3130464  	   31215224
      204	rs2285803  	   31215237
      205	rs2233945  	   31215340
      206	rs2233944  	   31215401
      207	rs2233943  	   31215426
      208	rs1966     	   31215712
      209	rs2233942  	   31215883
      210	rs2233941  	   31215895
      211	rs2233940  	   31215901
      212	rs2233939  	   31215917
      213	rs7757012  	   31216541
      214	rs1265089  	   31216586
      215	rs9263733  	   31216808
      216	rs16898844 	   31217672
      217	rs9263738  	   31217746
      218	rs1265086  	   31217861
      219	rs1576     	   31218370
      220	rs1265085  	   31218650
      221	rs12364    	   31218765
      222	rs1265084  	   31218768
      223	rs2073718  	   31218948
      224	rs130074   	   31219153
      225	rs130073   	   31219159
      226	rs1265083  	   31219326
      227	rs9263739  	   31219335
      228	rs9263740  	   31219379
      229	rs1265080  	   31220054
      230	rs1265079  	   31220087
      231	rs11967883 	   31220333
      232	rs130072   	   31220463
      233	rs1265078  	   31220581
      234	rs2073720  	   31220802
      235	rs3094226  	   31220878
      236	rs2073719  	   31220904
      237	rs3094225  	   31221031
      238	rs1265076  	   31221062
      239	rs3130575  	   31221085
      240	rs1265075  	   31221092
      241	rs1265074  	   31221193
      242	rs9263745  	   31221305
      243	rs3132538  	   31221821
      244	rs2240061  	   31222827
      245	rs1265115  	   31225054
      246	rs1265112  	   31225998
      247	rs130067   	   31226490
      248	rs1265110  	   31227401
      249	rs130077   	   31230309
      250	rs130076   	   31230461
      251	rs3130453  	   31232828
      252	rs743401   	   31233137
      253	rs12529697 	   31233386
      254	rs2239524  	   31233548
      255	rs720466   	   31233684
      256	rs720465   	   31233756
      257	rs720467   	   31233778
      258	rs9263785  	   31233802
      259	rs3130455  	   31233957
      260	rs720468   	   31233972
      261	rs9263786  	   31234209
      262	rs3130456  	   31234231
      263	rs3095239  	   31234769
      264	rs3094187  	   31234923
      265	rs1150765  	   31235541
      266	rs6905862  	   31235581
      267	rs6929434  	   31235926
      268	rs3130934  	   31236531
      269	rs7750641  	   31237289
      270	rs2073722  	   31237621
      271	rs2073724  	   31237686
      272	rs9263794  	   31237998
      273	rs1841     	   31238739
      274	rs1044870  	   31238800
      275	rs9501062  	   31239686
      276	rs1150766  	   31239772
      277	rs3130933  	   31240064
      278	rs2394882  	   31240628
      279	rs9263796  	   31240862
      280	rs1150767  	   31241024
      281	rs2106074  	   31241488
      282	rs9501063  	   31241873
      283	rs3130932  	   31241922
      284	rs1265163  	   31242066
      285	rs3757349  	   31242511
      286	rs11965454 	   31242570
      287	rs9263800  	   31242578
      288	rs3130931  	   31242867
      289	rs9263802  	   31243115
      290	rs1419880  	   31243176
      291	rs9263805  	   31243714
      292	rs3130501  	   31244432
      293	rs9263809  	   31244556
      294	rs3132524  	   31244693
      295	rs3132523  	   31244811
      296	rs3094191  	   31246889
      297	rs879882   	   31247431
      298	rs1108746  	   31247483
      299	rs3132518  	   31248148
      300	rs885949   	   31248199
      301	rs1265156  	   31250276
      302	rs9263821  	   31252341
      303	rs3871247  	   31253681
      304	rs3871248  	   31253970
      305	rs1052989  	   31254382
      306	rs1052986  	   31254418
      307	rs9263823  	   31255073
      308	rs7381371  	   31258302
      309	rs7771486  	   31261865
      310	rs6921663  	   31262599
      311	rs1265181  	   31263764
      312	rs9405015  	   31263782
      313	rs9295957  	   31265572
      314	rs9263860  	   31266115
      315	rs7759909  	   31266668
      316	rs1265180  	   31267324
      317	rs1265178  	   31269208
      318	rs1265177  	   31269556
      319	rs4713447  	   31270942
      320	rs6922994  	   31272250
      321	rs12179656 	   31272912
      322	rs13215387 	   31274106
      323	rs9404982  	   31274518
      324	rs9404983  	   31274807
      325	rs886389   	   31274866
      326	rs9295961  	   31275477
      327	rs9501077  	   31275491
      328	rs4122190  	   31275831
      329	rs4122189  	   31275906
      330	rs6903896  	   31276008
      331	rs4358664  	   31276076
      332	rs6904246  	   31276179
      333	rs9366769  	   31277268
      334	rs9468892  	   31277870
      335	rs3132511  	   31277999
      336	rs9263870  	   31278493
      337	rs9263871  	   31278507
      338	rs9263873  	   31278692
      339	rs6921492  	   31278856
      340	rs9263876  	   31279146
      341	rs9263878  	   31279465
      342	rs9263879  	   31279560
      343	rs7451258  	   31282569
      344	rs12199773 	   31285894
      345	rs12195455 	   31286985
      346	rs3130466  	   31287911
      347	rs9295967  	   31291999
      348	rs9263957  	   31292154
      349	rs3869109  	   31292175
      350	rs9501522  	   31292404
      351	rs1634703  	   31293241
      352	rs3132501  	   31293956
      353	rs9263963  	   31294005
      354	rs9263964  	   31294018
      355	rs9263966  	   31294209
      356	rs9263967  	   31294224
      357	rs9263969  	   31294513
      358	rs9263970  	   31294580
      359	rs7383336  	   31295054
      360	rs9461662  	   31295082
      361	rs9501354  	   31296246
      362	rs3130517  	   31298282
      363	rs1345274  	   31298606
      364	rs9263989  	   31299359
      365	rs6904669  	   31300775
      366	rs7758178  	   31301945
      367	rs3130941  	   31305493
      368	rs3134782  	   31305612
      369	rs3130940  	   31306192
      370	rs3130527  	   31306966
      371	rs3868078  	   31307143
      372	rs3130473  	   31307187
      373	rs3130474  	   31307235
      374	rs3869113  	   31307275
      375	rs3130528  	   31307439
      376	rs11967600 	   31307552
      377	rs11967684 	   31307745
      378	rs6927461  	   31309782
      379	rs2394888  	   31310225
      380	rs2894184  	   31310556
      381	rs7768431  	   31310644
      382	rs7745906  	   31311987
      383	rs3869115  	   31312673
      384	rs3134769  	   31313733
      385	rs3869117  	   31313902
      386	rs4451179  	   31314326
      387	rs3130531  	   31314595
      388	rs3134768  	   31314823
      389	rs12660508 	   31315286
      390	rs3132499  	   31315899
      391	rs3130532  	   31316432
      392	rs3132497  	   31316570
      393	rs9501535  	   31316785
      394	rs3130712  	   31317489
      395	rs12332925 	   31317793
      396	rs3130406  	   31317818
      397	rs9501541  	   31317893
      398	rs3130688  	   31318195
      399	rs6901869  	   31318244
      400	rs3134766  	   31318441
      401	rs3134765  	   31318556
      402	rs1639106  	   31321296
      403	rs4332019  	   31321392
      404	rs3130407  	   31321432
      405	rs3130408  	   31321770
      406	rs9264136  	   31321881
      407	rs3899471  	   31323016
      408	rs3095241  	   31323614
      409	rs7454338  	   31323944
      410	rs9468908  	   31324206
      411	rs9501542  	   31324651
      412	rs9501543  	   31324935
      413	rs9501364  	   31325005
      414	rs9357117  	   31325483
      415	rs3130423  	   31326187
      416	rs3130425  	   31326306
      417	rs3130426  	   31326514
      418	rs4084090  	   31326814
      419	rs4084262  	   31326868
      420	rs3130427  	   31326963
      421	rs3130428  	   31327069
      422	rs1639114  	   31327203
      423	rs11962994 	   31327268
      424	rs3130433  	   31327617
      425	rs3130540  	   31327841
      426	rs9264180  	   31327881
      427	rs4473905  	   31328348
      428	rs3130439  	   31329002
      429	rs4416711  	   31329018
      430	rs3095254  	   31329647
      431	rs9501548  	   31336531
      432	rs3130441  	   31336544
      433	rs9264374  	   31336645
      434	rs2524121  	   31336951
      435	rs9264386  	   31337109
      436	rs9264391  	   31337182
      437	rs9368665  	   31337227
      438	rs2844627  	   31337441
      439	rs2844626  	   31337531
      440	rs9368666  	   31337623
      441	rs11966319 	   31337657
      442	rs11966332 	   31337680
      443	rs9264409  	   31337717
      444	rs9264416  	   31338021
      445	rs2894196  	   31338090
      446	rs2394950  	   31338680
      447	rs9357120  	   31338696
      448	rs2394951  	   31338738
      449	rs2245822  	   31338779
      450	rs2524117  	   31338848
      451	rs2394952  	   31338861
      452	rs7747738  	   31338903
      453	rs3130543  	   31340126
      454	rs9501366  	   31340288
      455	rs9264481  	   31340297
      456	rs9264482  	   31340391
      457	rs2844623  	   31340522
      458	rs9264492  	   31340655
      459	rs9264505  	   31341100
      460	rs9264508  	   31341193
      461	rs2894202  	   31341249
      462	rs2394954  	   31341374
      463	rs2394955  	   31341375
      464	rs2394956  	   31341435
      465	rs2248880  	   31341489
      466	rs9264522  	   31341622
      467	rs9264523  	   31341737
      468	rs9264526  	   31341967
      469	rs9264528  	   31342037
      470	rs9264531  	   31342218
      471	rs9264532  	   31342360
      472	rs9264536  	   31342520
      473	rs2524103  	   31342581
      474	rs4443537  	   31342866
      475	rs9264570  	   31343400
      476	rs9264575  	   31343555
      477	rs3864297  	   31343634
      478	rs2524100  	   31343748
      479	rs9264582  	   31343795
      480	rs2524099  	   31344030
      481	rs9501561  	   31344139
      482	rs2853950  	   31344154
      483	rs12663884 	   31344170
      484	rs9394047  	   31344229
      485	rs1049281  	   31344546
      486	rs9264589  	   31344663
      487	rs1049853  	   31344879
      488	rs2001181  	   31344977
      489	rs9264594  	   31345027
      490	rs9264601  	   31345332
      491	rs9264602  	   31345384
      492	rs9264603  	   31345416
      493	rs9264604  	   31345428
      494	rs9264606  	   31345571
      495	rs9264608  	   31345639
      496	rs9264636  	   31346276
      497	rs9264638  	   31346297
      498	rs9264647  	   31346592
      499	rs9264648  	   31346640
      500	rs9264664  	   31347206
      501	rs9264672  	   31347745
      502	rs7767581  	   31347834
      503	rs2074491  	   31347875
      504	rs6457358  	   31347978
      505	rs2524094  	   31348020
      506	rs2844622  	   31348039
      507	rs9366775  	   31348075
      508	rs2524091  	   31348272
      509	rs2074488  	   31348410
      510	rs9357121  	   31348458
      511	rs4361609  	   31348614
      512	rs5009853  	   31348615
      513	rs9264679  	   31348642
      514	rs2395471  	   31348671
      515	rs2249741  	   31348691
      516	rs2249742  	   31348700
      517	rs9264681  	   31348850
      518	rs7773175  	   31348938
      519	rs7759127  	   31348967
      520	rs5010528  	   31349011
      521	rs13191343 	   31349088
      522	rs13207315 	   31349106
      523	rs2844621  	   31349516
      524	rs2524084  	   31349618
      525	rs2524083  	   31349716
      526	rs2524082  	   31349740
      527	rs9264699  	   31349912
      528	rs2524079  	   31350153
      529	rs12111032 	   31350170
      530	rs2844619  	   31350202
      531	rs3132491  	   31350251
      532	rs2844618  	   31350418
      533	rs3132490  	   31350539
      534	rs3132489  	   31350653
      535	rs9380232  	   31350720
      536	rs2844615  	   31350938
      537	rs3132486  	   31351149
      538	rs9461680  	   31351326
      539	rs9468911  	   31351338
      540	rs3132485  	   31351368
      541	rs6913377  	   31351474
      542	rs2524077  	   31351582
      543	rs12234123 	   31351583
      544	rs13200569 	   31351594
      545	rs3931670  	   31351746
      546	rs2040748  	   31351764
      547	rs2844613  	   31351825
      548	rs3130696  	   31351863
      549	rs2844612  	   31351950
      550	rs2844611  	   31351958
      551	rs2524074  	   31352000
      552	rs9394049  	   31352007
      553	rs9264731  	   31352047
      554	rs13203895 	   31352061
      555	rs9264733  	   31352193
      556	rs9264740  	   31352310
      557	rs2524070  	   31352499
      558	rs6919409  	   31352511
      559	rs9264742  	   31352595
      560	rs3930575  	   31352633
      561	rs2524069  	   31352768
      562	rs2524068  	   31353040
      563	rs9391714  	   31353059
      564	rs12205033 	   31353339
      565	rs9264745  	   31353457
      566	rs2853948  	   31353552
      567	rs6906846  	   31353715
      568	rs9378228  	   31354350
      569	rs2844610  	   31354584
      570	rs7381988  	   31354682
      571	rs7382297  	   31355046
      572	rs6457372  	   31355100
      573	rs4386816  	   31355114
      574	rs7382307  	   31355128
      575	rs2853946  	   31355182
      576	rs9264756  	   31355420
      577	rs7755686  	   31355775
      578	rs2524064  	   31355796
      579	rs2524063  	   31356134
      580	rs9264757  	   31356149
      581	rs12529015 	   31356241
      582	rs9380234  	   31356547
      583	rs2844605  	   31356570
      584	rs9264759  	   31356657
      585	rs13208617 	   31356798
      586	rs9380235  	   31356865
      587	rs7766156  	   31357769
      588	rs12662484 	   31358050
      589	rs9468915  	   31358780
      590	rs9461681  	   31359019
      591	rs2394963  	   31359441
      592	rs2524057  	   31359874
      593	rs2524055  	   31360216
      594	rs2524054  	   31360375
      595	rs2524053  	   31360448
      596	rs2853937  	   31360548
      597	rs9348860  	   31360646
      598	rs9348861  	   31360701
      599	rs9348862  	   31360726
      600	rs9368670  	   31360861
      601	rs12191877 	   31360904
      602	rs2853936  	   31361264
      603	rs9461684  	   31361423
      604	rs2844600  	   31361750
      605	rs9468919  	   31361845
      606	rs2853934  	   31361907
      607	rs2524052  	   31361975
      608	rs2853933  	   31362067
      609	rs7754443  	   31362242
      610	rs7754903  	   31362475
      611	rs9380236  	   31362643
      612	rs9368671  	   31362683
      613	rs9468920  	   31362915
      614	rs16899147 	   31363180
      615	rs9468922  	   31363265
      616	rs2853930  	   31363403
      617	rs2853929  	   31363413
      618	rs2524051  	   31363479
      619	rs2524050  	   31363520
      620	rs2524049  	   31363932
      621	rs2844599  	   31363984
      622	rs2844598  	   31364060
      623	rs2524048  	   31364540
      624	rs2524047  	   31364570
      625	rs9366776  	   31364609
      626	rs16899160 	   31364646
      627	rs2524044  	   31364732
      628	rs2844597  	   31364902
      629	rs2524043  	   31364991
      630	rs4628144  	   31365083
      631	rs2524042  	   31365139
      632	rs2844596  	   31365355
      633	rs2853928  	   31365490
      634	rs2853927  	   31365570
      635	rs16899166 	   31366075
      636	rs16899168 	   31366666
      637	rs9468925  	   31366816
      638	rs3873377  	   31366847
      639	rs3906269  	   31366947
      640	rs16899170 	   31366996
      641	rs1819788  	   31367116
      642	rs2524163  	   31367558
      643	rs2524162  	   31367729
      644	rs2524161  	   31367777
      645	rs2524160  	   31367833
      646	rs6916525  	   31367881
      647	rs2524159  	   31367909
      648	rs9468926  	   31368197
      649	rs9357122  	   31368324
      650	rs9394051  	   31368548
      651	rs9394052  	   31368687
      652	rs2524155  	   31368718
      653	rs3906276  	   31369063
      654	rs16899178 	   31369116
      655	rs2243868  	   31369255
      656	rs9295969  	   31369449
      657	rs2524152  	   31369908
      658	rs2524151  	   31369938
      659	rs9264769  	   31369940
      660	rs3873379  	   31370148
      661	rs3873380  	   31370417
      662	rs9348863  	   31370440
      663	rs2524149  	   31370630
      664	rs9468927  	   31370708
      665	rs2524148  	   31370749
      666	rs2524146  	   31370762
      667	rs9357123  	   31370848
      668	rs3906273  	   31370902
      669	rs3906272  	   31370903
      670	rs2853926  	   31371030
      671	rs9468929  	   31371195
      672	rs3873381  	   31371210
      673	rs3873382  	   31371235
      674	rs2524144  	   31371329
      675	rs2524142  	   31371501
      676	rs11760024 	   31371685
      677	rs2894207  	   31371730
      678	rs9264778  	   31372150
      679	rs9380237  	   31372371
      680	rs9264779  	   31372440
      681	rs9366777  	   31372694
      682	rs2524136  	   31372741
      683	rs2524133  	   31372801
      684	rs9468932  	   31372802
      685	rs2524132  	   31372891
      686	rs2853925  	   31372901
      687	rs9468933  	   31373036
      688	rs2524131  	   31373066
      689	rs2246954  	   31373241
      690	rs2524123  	   31373293
      691	rs9461685  	   31373334
      692	rs9394053  	   31373354
      693	rs2247056  	   31373469
      694	rs3905495  	   31373518
      695	rs2853923  	   31373716
      696	rs13191519 	   31373731
      697	rs2524095  	   31374096
      698	rs7761855  	   31374130
      699	rs16899202 	   31374278
      700	rs16899203 	   31374314
      701	rs16899207 	   31374366
      702	rs2524089  	   31374501
      703	rs2524085  	   31374543
      704	rs13209696 	   31374678
      705	rs4543367  	   31374746
      706	rs2524060  	   31375401
      707	rs16899208 	   31375475
      708	rs9380238  	   31375597
      709	rs16899213 	   31376121
      710	rs6918048  	   31376408
      711	rs9394054  	   31376559
      712	rs2853918  	   31376599
      713	rs2524145  	   31376726
      714	rs9380240  	   31376811
      715	rs2524135  	   31376909
      716	rs12174774 	   31376944
      717	rs2394967  	   31377108
      718	rs2524066  	   31377133
      719	rs9366778  	   31377152
      720	rs12663075 	   31377235
      721	rs3873385  	   31377287
      722	rs12660183 	   31377302
      723	rs3915971  	   31377327
      724	rs4523128  	   31377361
      725	rs3915970  	   31377439
      726	rs9295970  	   31377501
      727	rs9468935  	   31377532
      728	rs12663108 	   31377534
      729	rs9380241  	   31377680
      730	rs9368672  	   31377708
      731	rs1960278  	   31377853
      732	rs12182794 	   31377863
      733	rs1111463  	   31377905
      734	rs9468937  	   31378097
      735	rs9468938  	   31378133
      736	rs6930143  	   31378354
      737	rs9264842  	   31378986
      738	rs13200073 	   31378987
      739	rs13216197 	   31378997
      740	rs9264845  	   31379055
      741	rs6913294  	   31379103
      742	rs7750269  	   31379136
      743	rs9264848  	   31379174
      744	rs9264849  	   31379205
      745	rs9264850  	   31379219
      746	rs9264851  	   31379249
      747	rs11967472 	   31379264
      748	rs9264852  	   31379289
      749	rs9264853  	   31379301
      750	rs9264855  	   31379345
      751	rs9264856  	   31379442
      752	rs10081114 	   31379448
      753	rs9264857  	   31379452
      754	rs9264859  	   31379464
      755	rs13200571 	   31379490
      756	rs9264862  	   31379506
      757	rs9264863  	   31379509
      758	rs9264867  	   31379564
      759	rs9264868  	   31379580
      760	rs9264869  	   31379609
      761	rs9264870  	   31379641
      762	rs9468940  	   31379659
      763	rs9461688  	   31379695
      764	rs9264875  	   31379714
      765	rs9264878  	   31379740
      766	rs9264879  	   31379754
      767	rs9264880  	   31379831
      768	rs9264882  	   31379855
      769	rs9264883  	   31379873
      770	rs9264884  	   31379900
      771	rs7751729  	   31379915
      772	rs9264885  	   31379937
      773	rs6918887  	   31380112
      774	rs9368675  	   31380136
      775	rs9368676  	   31380188
      776	rs6457374  	   31380240
      777	rs9368677  	   31380300
      778	rs9264895  	   31380341
      779	rs9264896  	   31380348
      780	rs9264897  	   31380372
      781	rs9264898  	   31380375
      782	rs9264899  	   31380400
      783	rs9264900  	   31380426
      784	rs9368678  	   31380442
      785	rs9264901  	   31380469
      786	rs9264902  	   31380485
      787	rs9264903  	   31380486
      788	rs9264904  	   31380532
      789	rs9264906  	   31380569
      790	rs6457375  	   31380591
      791	rs9264909  	   31380611
      792	rs6899872  	   31380623
      793	rs9264910  	   31380627
      794	rs9264912  	   31380657
      795	rs9264913  	   31380665
      796	rs9264915  	   31380684
      797	rs9368679  	   31380708
      798	rs9264916  	   31380753
      799	rs9264917  	   31380787
      800	rs9368680  	   31380823
      801	rs12664384 	   31380871
      802	rs396337   	   31380894
      803	rs396038   	   31380959
      804	rs7760988  	   31381009
      805	rs6905036  	   31381125
      806	rs9264921  	   31381131
      807	rs364415   	   31381203
      808	rs393225   	   31381247
      809	rs9264924  	   31381280
      810	rs9264925  	   31381289
      811	rs7761496  	   31381303
      812	rs7761515  	   31381345
      813	rs9264927  	   31381401
      814	rs9264928  	   31381434
      815	rs7761965  	   31381474
      816	rs9357124  	   31381533
      817	rs2508006  	   31381541
      818	rs9357125  	   31381557
      819	rs2508004  	   31381574
      820	rs12178000 	   31381650
      821	rs9366779  	   31381670
      822	rs9394057  	   31381671
      823	rs16899241 	   31381682
      824	rs3873386  	   31381724
      825	rs1634795  	   31381993
      826	rs1634761  	   31382006
      827	rs9264929  	   31382116
      828	rs9264931  	   31382175
      829	rs9264932  	   31382185
      830	rs9264933  	   31382197
      831	rs9264936  	   31382236
      832	rs9264937  	   31382246
      833	rs9264938  	   31382248
      834	rs9264941  	   31382277
      835	rs9264942  	   31382359
      836	rs9468942  	   31382420
      837	rs9264943  	   31382500
      838	rs10484554 	   31382534
      839	rs9264944  	   31382598
      840	rs9264945  	   31382606
      841	rs9264947  	   31382626
      842	rs3094691  	   31382672
      843	rs9264951  	   31383079
      844	rs2524168  	   31383142
      845	rs396243   	   31383153
      846	rs2853916  	   31383225
      847	rs13194791 	   31383256
      848	rs2853915  	   31383268
      849	rs4544954  	   31384088
      850	rs1634757  	   31384589
      851	rs9391820  	   31388080
      852	rs9391822  	   31388725
      853	rs7771432  	   31388729
      854	rs16867947 	   31388802
      855	rs6941926  	   31389208
      856	rs10484555 	   31389444
      857	rs9295972  	   31389606
      858	rs3887377  	   31389641
      859	rs9295976  	   31389749
      860	rs9295977  	   31389792
      861	rs9405017  	   31389881
      862	rs9405018  	   31389974
      863	rs9391764  	   31390117
      864	rs9391765  	   31390127
      865	rs981536   	   31390233
      866	rs16899279 	   31390318
      867	rs16899280 	   31390486
      868	rs1634746  	   31390756
      869	rs16867954 	   31391016
      870	rs1634737  	   31392525
      871	rs7769025  	   31393328
      872	rs9366780  	   31412304
      873	rs4492231  	   31420550
      874	rs9265858  	   31420602
      875	rs12173768 	   31421905
      876	rs7453967  	   31422222
      877	rs2923006  	   31425078
      878	rs2156875  	   31425326
      879	rs2187578  	   31425457
      880	rs2523619  	   31426123
      881	rs2442719  	   31428517
      882	rs2596501  	   31429190
      883	rs2770     	   31429786
      884	rs2523608  	   31430538
      885	rs7769258  	   31431278
      886	rs2596486  	   31433054
      887	rs9266247  	   31433735
      888	rs2523589  	   31435313
      889	rs2596548  	   31438525
      890	rs9266329  	   31438767
      891	rs2523560  	   31438823
      892	rs9266336  	   31439114
      893	rs2596549  	   31439145
      894	rs9266338  	   31439186
      895	rs2523557  	   31439236
      896	rs9266340  	   31439285
      897	rs2523554  	   31439808
      898	rs9266355  	   31440127
      899	rs2596551  	   31440218
      900	rs9501374  	   31440311
      901	rs4327724  	   31440667
      902	rs2844581  	   31440682
      903	rs9266359  	   31440718
      904	rs2844580  	   31441282
      905	rs2523545  	   31441478
      906	rs2523544  	   31441541
      907	rs9501571  	   31441589
      908	rs2844579  	   31441695
      909	rs9501572  	   31441799
      910	rs9266375  	   31441853
      911	rs9266379  	   31442160
      912	rs2596427  	   31442372
      913	rs2844577  	   31442401
      914	rs9266380  	   31442456
      915	rs2844576  	   31442580
      916	rs2596428  	   31442710
      917	rs9266381  	   31442771
      918	rs7766461  	   31442778
      919	rs2596429  	   31442800
      920	rs6457401  	   31442831
      921	rs6457402  	   31442843
      922	rs9266382  	   31442856
      923	rs2844575  	   31442924
      924	rs9266384  	   31442972
      925	rs9266386  	   31443061
      926	rs7767216  	   31443075
      927	rs2523542  	   31443135
      928	rs9266387  	   31443195
      929	rs7767142  	   31443290
      930	rs9266392  	   31443382
      931	rs2596430  	   31443410
      932	rs2844573  	   31443433
      933	rs9266395  	   31443545
      934	rs2523538  	   31443602
      935	rs2844571  	   31443626
      936	rs9266399  	   31443785
      937	rs2922994  	   31443880
      938	rs2523536  	   31443979
      939	rs7743761  	   31444079
      940	rs9266404  	   31444202
      941	rs2523535  	   31444229
      942	rs2523534  	   31444328
      943	rs9266406  	   31444397
      944	rs9266409  	   31444547
      945	rs2844569  	   31444583
      946	rs2844568  	   31444607
      947	rs2844567  	   31444623
      948	rs12660817 	   31444736
      949	rs2253907  	   31444849
      950	rs9266417  	   31444973
      951	rs9266420  	   31445094
      952	rs2905716  	   31445146
      953	rs9266429  	   31445235
      954	rs2922997  	   31445260
      955	rs13215664 	   31445290
      956	rs2523530  	   31445633
      957	rs4991647  	   31445650
      958	rs2523529  	   31445759
      959	rs9266440  	   31445794
      960	rs5006724  	   31445829
      961	rs5006725  	   31445851
      962	rs9266455  	   31446364
      963	rs9295986  	   31446507
      964	rs2442709  	   31447219
      965	rs2523527  	   31447313
      966	rs2523525  	   31447823
      967	rs2844559  	   31448054
      968	rs9368687  	   31448137
      969	rs2523522  	   31448307
      970	rs12178292 	   31448412
      971	rs6930905  	   31448456
      972	rs3997987  	   31448538
      973	rs3997990  	   31448786
      974	rs2523519  	   31449029
      975	rs9266510  	   31449212
      976	rs9266513  	   31449275
      977	rs9266514  	   31449291
      978	rs9266515  	   31449319
      979	rs2844556  	   31449336
      980	rs2844555  	   31449358
      981	rs2254549  	   31450415
      982	rs4446607  	   31450417
      983	rs4610605  	   31450584
      984	rs2254556  	   31450610
      985	rs2507987  	   31451012
      986	rs2507985  	   31451079
      987	rs9266571  	   31451192
      988	rs4463302  	   31451646
      989	rs4959068  	   31451823
      990	rs2844549  	   31451853
      991	rs2523640  	   31451898
      992	rs2523639  	   31452077
      993	rs13198903 	   31452136
      994	rs3997993  	   31452231
      995	rs2523638  	   31452252
      996	rs3997982  	   31452273
      997	rs3957110  	   31452327
      998	rs3957111  	   31452469
      999	rs13202464 	   31452562
     1000	rs9266596  	   31452605
     1001	rs2844546  	   31452636
     1002	rs4959069  	   31452864
     1003	rs9266604  	   31453047
     1004	rs2442744  	   31453355
     1005	rs2507984  	   31453575
     1006	rs2844544  	   31453707
     1007	rs2442743  	   31453780
     1008	rs13193697 	   31453794
     1009	rs2523632  	   31453823
     1010	rs9266613  	   31453844
     1011	rs7742428  	   31453910
     1012	rs2507982  	   31454172
     1013	rs2442738  	   31454393
     1014	rs2523627  	   31454424
     1015	rs2523626  	   31454469
     1016	rs6909636  	   31454578
     1017	rs2442736  	   31454600
     1018	rs2442735  	   31454632
     1019	rs4248814  	   31454734
     1020	rs9266627  	   31454784
     1021	rs9266629  	   31454801
     1022	rs12206361 	   31454879
     1023	rs9501587  	   31454916
     1024	rs9501588  	   31454999
     1025	rs9266636  	   31455012
     1026	rs9266638  	   31455036
     1027	rs3094600  	   31455123
     1028	rs3132093  	   31455351
     1029	rs2244020  	   31455430
     1030	rs2244027  	   31455545
     1031	rs4713460  	   31455777
     1032	rs4713462  	   31455795
     1033	rs2507980  	   31455856
     1034	rs2596573  	   31455909
     1035	rs2596571  	   31456001
     1036	rs9266669  	   31456056
     1037	rs11962863 	   31456070
     1038	rs4143334  	   31456179
     1039	rs9266684  	   31456484
     1040	rs4143333  	   31456498
     1041	rs9266688  	   31456522
     1042	rs9266689  	   31456559
     1043	rs2844538  	   31456858
     1044	rs2844536  	   31456915
     1045	rs9266701  	   31457009
     1046	rs9266718  	   31457767
     1047	rs9266719  	   31457784
     1048	rs9295987  	   31457823
     1049	rs9266722  	   31457901
     1050	rs2523547  	   31458133
     1051	rs2596568  	   31458211
     1052	rs2844535  	   31458282
     1053	rs4293988  	   31458359
     1054	rs9266728  	   31458418
     1055	rs9266729  	   31458442
     1056	rs2523532  	   31458529
     1057	rs3094596  	   31458558
     1058	rs1521     	   31458683
     1059	rs2523488  	   31458834
     1060	rs2523487  	   31458854
     1061	rs9266740  	   31458922
     1062	rs2523485  	   31459014
     1063	rs2523646  	   31459058
     1064	rs3016014  	   31459132
     1065	rs2844532  	   31459154
     1066	rs9266746  	   31459192
     1067	rs3016013  	   31459221
     1068	rs9266749  	   31459292
     1069	rs3099849  	   31459394
     1070	rs3099848  	   31459421
     1071	rs2905715  	   31459509
     1072	rs9266759  	   31459551
     1073	rs2442752  	   31459743
     1074	rs2507976  	   31459866
     1075	rs2442749  	   31460019
     1076	rs9266772  	   31460092
     1077	rs2507975  	   31460121
     1078	rs9266773  	   31460327
     1079	rs7775759  	   31460425
     1080	rs7741091  	   31460610
     1081	rs6903496  	   31460753
     1082	rs9266774  	   31460859
     1083	rs2844531  	   31461150
     1084	rs9266775  	   31461396
     1085	rs2844529  	   31461572
     1086	rs4081552  	   31461668
     1087	rs2853974  	   31461913
     1088	rs6909461  	   31461929
     1089	rs9266776  	   31461956
     1090	rs2853973  	   31461971
     1091	rs2428486  	   31462083
     1092	rs2523482  	   31462144
     1093	rs2596563  	   31462146
     1094	rs6932730  	   31462161
     1095	rs9266777  	   31462179
     1096	rs12524487 	   31462217
     1097	rs2853972  	   31462323
     1098	rs4711268  	   31462483
     1099	rs13437082 	   31462539
     1100	rs2596562  	   31462574
     1101	rs13437092 	   31463035
     1102	rs13437088 	   31463098
     1103	rs2523480  	   31463681
     1104	rs2428484  	   31463792
     1105	rs2507973  	   31463822
     1106	rs2853969  	   31464553
     1107	rs3997969  	   31466376
     1108	rs6907370  	   31466708
     1109	rs9266791  	   31466922
     1110	rs9348866  	   31466934
     1111	rs3998336  	   31467141
     1112	rs9266792  	   31467155
     1113	rs3997970  	   31467177
     1114	rs3997971  	   31467182
     1115	rs3891170  	   31467185
     1116	rs2596517  	   31468074
     1117	rs7771971  	   31468320
     1118	rs2523477  	   31468368
     1119	rs7751725  	   31468412
     1120	rs7752021  	   31468505
     1121	rs2428477  	   31469304
     1122	rs10947206 	   31469376
     1123	rs2523476  	   31469403
     1124	rs10947207 	   31469464
     1125	rs9391726  	   31469486
     1126	rs2523475  	   31469689
     1127	rs10947208 	   31469816
     1128	rs2523473  	   31469876
     1129	rs13209817 	   31470360
     1130	rs2523471  	   31470563
     1131	rs2523467  	   31470909
     1132	rs11755151 	   31471879
     1133	rs9501387  	   31472438
     1134	rs7739521  	   31472602
     1135	rs7739560  	   31472769
     1136	rs2523457  	   31473686
     1137	rs4349859  	   31473766
     1138	rs12661317 	   31473848
     1139	rs2428475  	   31474601
     1140	rs2428474  	   31475002
     1141	rs2844527  	   31475615
     1142	rs11964383 	   31475721
     1143	rs2523454  	   31475844
     1144	rs2596540  	   31475861
     1145	rs2523453  	   31476104
     1146	rs2844524  	   31476417
     1147	rs6911024  	   31476430
     1148	rs2844523  	   31476567
     1149	rs2523451  	   31477130
     1150	rs3130480  	   31477249
     1151	rs3094583  	   31477466
     1152	rs3094582  	   31477526
     1153	rs3094581  	   31477553
     1154	rs3099845  	   31477586
     1155	rs3094580  	   31477651
     1156	rs12663041 	   31478337
     1157	rs2301750  	   31479321
     1158	rs2301749  	   31479334
     1159	rs2301748  	   31479376
     1160	rs2844519  	   31479409
     1161	rs2301747  	   31479566
     1162	rs9368693  	   31479706
     1163	rs2844518  	   31480548
     1164	rs9295988  	   31481697
     1165	rs12174396 	   31482558
     1166	rs2523497  	   31484907
     1167	rs12660741 	   31484968
     1168	rs6910087  	   31485026
     1169	rs12175489 	   31485566
     1170	rs9266804  	   31485621
     1171	rs9380254  	   31486314
     1172	rs1063632  	   31486489
     1173	rs1051790  	   31486935
     1174	rs1051792  	   31486956
     1175	rs3819269  	   31486995
     1176	rs3819268  	   31487038
     1177	rs1131896  	   31487094
     1178	rs1131897  	   31487113
     1179	rs2256026  	   31487120
     1180	rs3828875  	   31487147
     1181	rs2256028  	   31487177
     1182	rs2853977  	   31487283
     1183	rs1063635  	   31487910
     1184	rs2844514  	   31488319
     1185	rs2256175  	   31488428
     1186	rs2256183  	   31488508
     1187	rs12213831 	   31488580
     1188	rs6933779  	   31488711
     1189	rs6934097  	   31488724
     1190	rs2857282  	   31488786
     1191	rs9357133  	   31488876
     1192	rs6934187  	   31488953
     1193	rs9266813  	   31489300
     1194	rs9266816  	   31489512
     1195	rs9266817  	   31489531
     1196	rs7756993  	   31490112
     1197	rs7775227  	   31490126
     1198	rs9266823  	   31490669
     1199	rs2853975  	   31490696
     1200	rs9266825  	   31490861
     1201	rs9266830  	   31491050
     1202	rs9266831  	   31491062
     1203	rs9266833  	   31491087
     1204	rs9266844  	   31492310
     1205	rs2848713  	   31492458
     1206	rs9468992  	   31492557
     1207	rs9266845  	   31492771
     1208	rs9266846  	   31492868
     1209	rs9295990  	   31493998
     1210	rs3132472  	   31494110
     1211	rs2516450  	   31495136
     1212	rs2596530  	   31495352
     1213	rs2596532  	   31495850
     1214	rs3880459  	   31495891
     1215	rs2848716  	   31495946
     1216	rs2596533  	   31496032
     1217	rs9501106  	   31496088
     1218	rs2844513  	   31496193
     1219	rs9283891  	   31496209
     1220	rs9295991  	   31496256
     1221	rs9295993  	   31496574
     1222	rs10223421 	   31498034
     1223	rs2394994  	   31499597
     1224	rs2524279  	   31500885
     1225	rs7776044  	   31507800
     1226	rs13215224 	   31509936
     1227	rs11967289 	   31510107
     1228	rs7772549  	   31515622
     1229	rs2844520  	   31515737
     1230	rs9469002  	   31515751
     1231	rs9469003  	   31515807
     1232	rs9469004  	   31515875
     1233	rs3094738  	   31515892
     1234	rs6938467  	   31515895
     1235	rs6938674  	   31515983
     1236	rs2524276  	   31516244
     1237	rs3132473  	   31516308
     1238	rs4713465  	   31517507
     1239	rs9267084  	   31517584
     1240	rs2844510  	   31518387
     1241	rs3869129  	   31518628
     1242	rs3869130  	   31518730
     1243	rs9267088  	   31519192
     1244	rs2395004  	   31520492
     1245	rs2596464  	   31520940
     1246	rs9765960  	   31520979
     1247	rs2516467  	   31521777
     1248	rs12206131 	   31521989
     1249	rs6457422  	   31524135
     1250	rs13214517 	   31524339
     1251	rs2516462  	   31524618
     1252	rs2524281  	   31524678
     1253	rs16899646 	   31524899
     1254	rs11970341 	   31524936
     1255	rs3128982  	   31525170
     1256	rs7745066  	   31526541
     1257	rs2516456  	   31527997
     1258	rs2523685  	   31534235
     1259	rs6918524  	   31534282
     1260	rs2523683  	   31534884
     1261	rs2254620  	   31535210
     1262	rs7765011  	   31535569
     1263	rs6930572  	   31536148
     1264	rs6935569  	   31536507
     1265	rs11754929 	   31536748
     1266	rs2596472  	   31536946
     1267	rs6928071  	   31538868
     1268	rs6905676  	   31538987
     1269	rs11752262 	   31539736
     1270	rs2395029  	   31539759
     1271	rs2395030  	   31539853
     1272	rs2284178  	   31540104
     1273	rs11757571 	   31540766
     1274	rs11757602 	   31540781
     1275	rs11759988 	   31540840
     1276	rs11757667 	   31541052
     1277	rs2523679  	   31542313
     1278	rs3094013  	   31542345
     1279	rs2523677  	   31542780
     1280	rs2516518  	   31543098
     1281	rs2516517  	   31543305
     1282	rs9366784  	   31543333
     1283	rs2244546  	   31543812
     1284	rs4713466  	   31543848
     1285	rs2523676  	   31543970
     1286	rs2523674  	   31544768
     1287	rs2395031  	   31545284
     1288	rs2523671  	   31545297
     1289	rs2894220  	   31545485
     1290	rs9404989  	   31545545
     1291	rs9267135  	   31545596
     1292	rs7752826  	   31545890
     1293	rs12111189 	   31545907
     1294	rs2523668  	   31546075
     1295	rs2596450  	   31546222
     1296	rs2516443  	   31546302
     1297	rs2244839  	   31546347
     1298	rs2523666  	   31546573
     1299	rs7758090  	   31546773
     1300	rs7758414  	   31546834
     1301	rs2844505  	   31547042
     1302	rs2523664  	   31547258
     1303	rs9267139  	   31547477
     1304	rs9267140  	   31547536
     1305	rs2523663  	   31547719
     1306	rs9267142  	   31547768
     1307	rs9267143  	   31547816
     1308	rs9267146  	   31547873
     1309	rs9267147  	   31547903
     1310	rs1055566  	   31547966
     1311	rs1055569  	   31548061
     1312	rs3828886  	   31548531
     1313	rs3828887  	   31548578
     1314	rs2516439  	   31548611
     1315	rs4413654  	   31549328
     1316	rs2523657  	   31549353
     1317	rs12665745 	   31549880
     1318	rs2516434  	   31550686
     1319	rs7741521  	   31550727
     1320	rs2516516  	   31551549
     1321	rs16899682 	   31551678
     1322	rs12660700 	   31551717
     1323	rs9267156  	   31551889
     1324	rs11962634 	   31552426
     1325	rs9267158  	   31553131
     1326	rs3021366  	   31553750
     1327	rs2516425  	   31554179
     1328	rs11758964 	   31554345
     1329	rs2248372  	   31554445
     1330	rs2248373  	   31554525
     1331	rs9267168  	   31554536
     1332	rs2248459  	   31554689
     1333	rs2248462  	   31554775
     1334	rs2243429  	   31554799
     1335	rs2248477  	   31554984
     1336	rs2516514  	   31555114
     1337	rs2516513  	   31555567
     1338	rs9267169  	   31555962
     1339	rs2523651  	   31556133
     1340	rs4323336  	   31556209
     1341	rs2516424  	   31556294
     1342	rs2248613  	   31556411
     1343	rs2248617  	   31556512
     1344	rs2516511  	   31556604
     1345	rs3828893  	   31556632
     1346	rs3749945  	   31556797
     1347	rs3749946  	   31556841
     1348	rs3099844  	   31556955
     1349	rs2523650  	   31557001
     1350	rs2904776  	   31557060
     1351	rs2905722  	   31557306
     1352	rs2523647  	   31557757
     1353	rs9267176  	   31557809
     1354	rs2516510  	   31557893
     1355	rs2904775  	   31557941
     1356	rs2904774  	   31558132
     1357	rs2516508  	   31558319
     1358	rs2523710  	   31558888
     1359	rs2523709  	   31558902
     1360	rs9267184  	   31559216
     1361	rs2523708  	   31559258
     1362	rs2905747  	   31559455
     1363	rs2523707  	   31559511
     1364	rs2523706  	   31559546
     1365	rs3016009  	   31559940
     1366	rs2905741  	   31560271
     1367	rs2516505  	   31560422
     1368	rs2516504  	   31560454
     1369	rs9267202  	   31560581
     1370	rs2523700  	   31561008
     1371	rs9267211  	   31561356
     1372	rs2428501  	   31561526
     1373	rs9380257  	   31561546
     1374	rs9267212  	   31561597
     1375	rs2516500  	   31561619
     1376	rs2905735  	   31561643
     1377	rs9267218  	   31561951
     1378	rs9267248  	   31563914
     1379	rs9267259  	   31564351
     1380	rs3132469  	   31564546
     1381	rs2904785  	   31565028
     1382	rs2905731  	   31565259
     1383	rs9267280  	   31565612
     1384	rs2428499  	   31566272
     1385	rs2395033  	   31566533
     1386	rs2395490  	   31566972
     1387	rs2516417  	   31567615
     1388	rs2516415  	   31567721
     1389	rs2395036  	   31568263
     1390	rs2395038  	   31568430
     1391	rs12202667 	   31569032
     1392	rs3130922  	   31569068
     1393	rs3094006  	   31569537
     1394	rs3095235  	   31571149
     1395	rs3828901  	   31571697
     1396	rs2534679  	   31571769
     1397	rs6916187  	   31571905
     1398	rs6916394  	   31572029
     1399	rs3095234  	   31572550
     1400	rs3828905  	   31572881
     1401	rs3130927  	   31572971
     1402	rs6922431  	   31573009
     1403	rs2534674  	   31573082
     1404	rs2534673  	   31573469
     1405	rs2534672  	   31573537
     1406	rs6915833  	   31573616
     1407	rs2534671  	   31573640
     1408	rs3828913  	   31573774
     1409	rs3828914  	   31573798
     1410	rs2516498  	   31573878
     1411	rs3828916  	   31573894
     1412	rs3134897  	   31574526
     1413	rs2534669  	   31574839
     1414	rs2855804  	   31575344
     1415	rs2534667  	   31576078
     1416	rs7383312  	   31576525
     1417	rs9348869  	   31576733
     1418	rs12214252 	   31577207
     1419	rs10947213 	   31577302
     1420	rs10947214 	   31577470
     1421	rs13220215 	   31578322
     1422	rs10807092 	   31578524
     1423	rs9380258  	   31578841
     1424	rs3094002  	   31579201
     1425	rs12206243 	   31579536
     1426	rs9267415  	   31579809
     1427	rs9267416  	   31579998
     1428	rs6910955  	   31580323
     1429	rs12207951 	   31580438
     1430	rs2855812  	   31580699
     1431	rs2855814  	   31581021
     1432	rs3134899  	   31581265
     1433	rs3087326  	   31582150
     1434	rs3131638  	   31583106
     1435	rs3130615  	   31583392
     1436	rs4959077  	   31583607
     1437	rs3131636  	   31584073
     1438	rs3131635  	   31584113
     1439	rs3130614  	   31584437
     1440	rs6913243  	   31585445
     1441	rs9267429  	   31585510
     1442	rs2246618  	   31586965
     1443	rs6906011  	   31587767
     1444	rs3095229  	   31588251
     1445	rs6457443  	   31588377
     1446	rs9267432  	   31588487
     1447	rs2516401  	   31588885
     1448	rs3131633  	   31588902
     1449	rs3130612  	   31590076
     1450	rs2246986  	   31590182
     1451	rs9267444  	   31591437
     1452	rs3094001  	   31592011
     1453	rs9267446  	   31592437
     1454	rs10214756 	   31593029
     1455	rs3093998  	   31593153
     1456	rs3131630  	   31593333
     1457	rs3093950  	   31594880
     1458	rs9348874  	   31594899
     1459	rs3130639  	   31595299
     1460	rs3132455  	   31595933
     1461	rs2516489  	   31596017
     1462	rs3130637  	   31596124
     1463	rs3130636  	   31596170
     1464	rs9501147  	   31596363
     1465	rs3095228  	   31596742
     1466	rs4959079  	   31596858
     1467	rs3093995  	   31596883
     1468	rs3132454  	   31597623
     1469	rs9267463  	   31598459
     1470	rs9267464  	   31598625
     1471	rs3093993  	   31598704
     1472	rs9469021  	   31598949
     1473	rs9267466  	   31600010
     1474	rs3093988  	   31600432
     1475	rs3093986  	   31601400
     1476	rs3093985  	   31601564
     1477	rs2734574  	   31601867
     1478	rs10456058 	   31602717
     1479	rs2516485  	   31603203
     1480	rs2734572  	   31603255
     1481	rs2734579  	   31604073
     1482	rs2734578  	   31604100
     1483	rs3130633  	   31604231
     1484	rs2907768  	   31604277
     1485	rs2516484  	   31604360
     1486	rs9267478  	   31604374
     1487	rs2516482  	   31604548
     1488	rs2516481  	   31604702
     1489	rs3130054  	   31604755
     1490	rs9394074  	   31604757
     1491	rs2516480  	   31604770
     1492	rs2259435  	   31604894
     1493	rs3093983  	   31604904
     1494	rs2286712  	   31604958
     1495	rs13206927 	   31605021
     1496	rs2734587  	   31605157
     1497	rs3093982  	   31605223
     1498	rs2734586  	   31605321
     1499	rs3130055  	   31605378
     1500	rs3093981  	   31605436
     1501	rs2075582  	   31605685
     1502	rs3093979  	   31605723
     1503	rs3115537  	   31605814
     1504	rs3219190  	   31605954
     1505	rs2516478  	   31606716
     1506	rs2734585  	   31607393
     1507	rs2516477  	   31607449
     1508	rs3853601  	   31607582
     1509	rs9267481  	   31608821
     1510	rs11796    	   31609191
     1511	rs3093948  	   31609392
     1512	rs1055388  	   31609716
     1513	rs6915692  	   31610714
     1514	rs3131628  	   31610746
     1515	rs2516474  	   31611405
     1516	rs2471826  	   31611496
     1517	rs2734582  	   31611523
     1518	rs2734581  	   31611703
     1519	rs2075580  	   31611954
     1520	rs9267482  	   31611994
     1521	rs10456396 	   31612525
     1522	rs2734583  	   31613459
     1523	rs9380261  	   31613763
     1524	rs3130058  	   31613866
     1525	rs3093975  	   31614117
     1526	rs1129640  	   31614603
     1527	rs933208   	   31614627
     1528	rs2071596  	   31614670
     1529	rs2516393  	   31614723
     1530	rs2523512  	   31614780
     1531	rs2523511  	   31614833
     1532	rs3219187  	   31614854
     1533	rs2071595  	   31615041
     1534	rs2239709  	   31615426
     1535	rs2516473  	   31615741
     1536	rs12665489 	   31615966
     1537	rs11757236 	   31616008
     1538	rs12665501 	   31616048
     1539	rs12178599 	   31616252
     1540	rs2523508  	   31616740
     1541	rs3130059  	   31617263
     1542	rs2239527  	   31617758
     1543	rs2523506  	   31617946
     1544	rs2239528  	   31618084
     1545	rs2523504  	   31618837
     1546	rs12662306 	   31619117
     1547	rs9267487  	   31619329
     1548	rs12215563 	   31620267
     1549	rs2071594  	   31620699
     1550	rs2071593  	   31620778
     1551	rs2239705  	   31621381
     1552	rs2523503  	   31621538
     1553	rs2523502  	   31621843
     1554	rs2516389  	   31622176
     1555	rs2516388  	   31622465
     1556	rs2516387  	   31622495
     1557	rs3219185  	   31623057
     1558	rs3219184  	   31623119
     1559	rs2071592  	   31623319
     1560	rs2239708  	   31623742
     1561	rs9380262  	   31624302
     1562	rs3219183  	   31624342
     1563	rs2857607  	   31625227
     1564	rs9267490  	   31625304
     1565	rs9394075  	   31625560
     1566	rs2516384  	   31625675
     1567	rs2523500  	   31626333
     1568	rs6916921  	   31628405
     1569	rs2255798  	   31629281
     1570	rs6929796  	   31630648
     1571	rs12200955 	   31631591
     1572	rs13220165 	   31632420
     1573	rs2857605  	   31632830
     1574	rs2239707  	   31633298
     1575	rs3219179  	   31633333
     1576	rs2230365  	   31633427
     1577	rs3130062  	   31633891
     1578	rs13192469 	   31634835
     1579	rs9469024  	   31635245
     1580	rs4288225  	   31635372
     1581	rs4947324  	   31636109
     1582	rs4947325  	   31636153
     1583	rs2516479  	   31636305
     1584	rs13215091 	   31636669
     1585	rs2516390  	   31637862
     1586	rs9501149  	   31638181
     1587	rs9267494  	   31638254
     1588	rs928815   	   31639194
     1589	rs7762619  	   31639289
     1590	rs2844488  	   31640803
     1591	rs2844487  	   31640809
     1592	rs2857708  	   31641585
     1593	rs3131637  	   31643053
     1594	rs2844484  	   31644203
     1595	rs2857706  	   31645585
     1596	rs3093539  	   31646256
     1597	rs4647191  	   31646617
     1598	rs2844482  	   31647746
     1599	rs2857713  	   31648535
     1600	rs3093545  	   31649938
     1601	rs2507961  	   31650433
     1602	rs1800630  	   31650455
     1603	rs4248158  	   31650512
     1604	rs4987086  	   31650536
     1605	rs4248159  	   31650559
     1606	rs2736196  	   31650634
     1607	rs1800750  	   31650942
     1608	rs4248164  	   31651327
     1609	rs2515924  	   31651470
     1610	rs3093662  	   31652168
     1611	rs3730322  	   31652397
     1612	rs4645844  	   31652631
     1613	rs13306710 	   31652674
     1614	rs11574936 	   31653172
     1615	rs3093667  	   31653746
     1616	rs3093669  	   31654741
     1617	rs3093726  	   31654768
     1618	rs3093670  	   31654933
     1619	rs3093672  	   31655399
     1620	rs3093561  	   31655453
     1621	rs769177   	   31655590
     1622	rs3093559  	   31655771
     1623	rs3093558  	   31655798
     1624	rs4645846  	   31656245
     1625	rs769175   	   31656347
     1626	rs3093556  	   31656430
     1627	rs3093555  	   31656869
     1628	rs11574937 	   31657048
     1629	rs4647188  	   31657264
     1630	rs4647187  	   31657336
     1631	rs3093554  	   31657386
     1632	rs4647184  	   31657645
     1633	rs4647182  	   31657669
     1634	rs4647181  	   31657732
     1635	rs4647180  	   31657756
     1636	rs3093552  	   31657780
     1637	rs4647179  	   31657973
     1638	rs7766988  	   31659326
     1639	rs3093562  	   31659516
     1640	rs2471961  	   31661153
     1641	rs9267502  	   31661173
     1642	rs9368696  	   31662361
     1643	rs9469027  	   31662693
     1644	rs2256965  	   31663109
     1645	rs9267503  	   31663168
     1646	rs2256974  	   31663371
     1647	rs13211368 	   31663797
     1648	rs1052248  	   31664560
     1649	rs986475   	   31664688
     1650	rs11575839 	   31665770
     1651	rs11755226 	   31668782
     1652	rs2736191  	   31668889
     1653	rs2515920  	   31670594
     1654	rs12198787 	   31671207
     1655	rs2736189  	   31672707
     1656	rs2509217  	   31674183
     1657	rs9267510  	   31674342
     1658	rs9267512  	   31676398
     1659	rs2857595  	   31676448
     1660	rs12205659 	   31679799
     1661	rs2736186  	   31680312
     1662	rs2857700  	   31680460
     1663	rs9378200  	   31680906
     1664	rs2844479  	   31680935
     1665	rs9348876  	   31683255
     1666	rs2844477  	   31686751
     1667	rs2051552  	   31687935
     1668	rs2736182  	   31691291
     1669	rs2269475  	   31691910
     1670	rs2857597  	   31692979
     1671	rs2857693  	   31696363
     1672	rs2736172  	   31698877
     1673	rs2260000  	   31701455
     1674	rs1046080  	   31703861
     1675	rs2736165  	   31704654
     1676	rs2844469  	   31705427
     1677	rs2242660  	   31705732
     1678	rs2736158  	   31708283
     1679	rs2242657  	   31710468
     1680	rs1046089  	   31710946
     1681	rs11538264 	   31711168
     1682	rs2261033  	   31711570
     1683	rs9267522  	   31711749
     1684	rs3132453  	   31712023
     1685	rs3817659  	   31712821
     1686	rs2178899  	   31714735
     1687	rs3130628  	   31717251
     1688	rs1077394  	   31718363
     1689	rs3130047  	   31718458
     1690	rs1077393  	   31718508
     1691	rs9501153  	   31719598
     1692	rs760293   	   31719756
     1693	rs2077102  	   31719819
     1694	rs3130048  	   31721718
     1695	rs2242656  	   31722081
     1696	rs2844463  	   31723146
     1697	rs10484558 	   31723493
     1698	rs805303   	   31724345
     1699	rs805300   	   31726546
     1700	rs9380266  	   31726702
     1701	rs3130050  	   31726740
     1702	rs1321823  	   31726982
     1703	rs3115669  	   31727003
     1704	rs3117583  	   31727555
     1705	rs805299   	   31727631
     1706	rs3117582  	   31728499
     1707	rs7452332  	   31729547
     1708	rs12525463 	   31729763
     1709	rs805264   	   31731852
     1710	rs707921   	   31733520
     1711	rs3130617  	   31735502
     1712	rs7029     	   31737932
     1713	rs2295666  	   31738389
     1714	rs805259   	   31739356
     1715	rs12527318 	   31739409
     1716	rs928814   	   31739886
     1717	rs3130618  	   31740113
     1718	rs2295664  	   31741144
     1719	rs9357137  	   31741199
     1720	rs11757239 	   31741259
     1721	rs3117579  	   31741475
     1722	rs805258   	   31741531
     1723	rs805257   	   31742172
     1724	rs9267529  	   31742549
     1725	rs805256   	   31743689
     1726	rs3117578  	   31744010
     1727	rs9267531  	   31744721
     1728	rs4569     	   31745786
     1729	rs805268   	   31746157
     1730	rs2142234  	   31747108
     1731	rs2254083  	   31747720
     1732	rs805267   	   31747736
     1733	rs11758242 	   31747824
     1734	rs11961444 	   31747885
     1735	rs9267532  	   31747958
     1736	rs1266076  	   31748497
     1737	rs707919   	   31749118
     1738	rs805272   	   31749365
     1739	rs3115667  	   31751378
     1740	rs9378164  	   31751501
     1741	rs805269   	   31752261
     1742	rs13295    	   31752619
     1743	rs9469032  	   31753405
     1744	rs9267533  	   31753901
     1745	rs2280800  	   31754377
     1746	rs9267534  	   31754745
     1747	rs805290   	   31756382
     1748	rs9469033  	   31758985
     1749	rs9267536  	   31759173
     1750	rs12524442 	   31762427
     1751	rs707918   	   31762711
     1752	rs11552113 	   31762778
     1753	rs10573    	   31763417
     1754	rs12193561 	   31764507
     1755	rs707917   	   31765733
     1756	rs805274   	   31773173
     1757	rs2295663  	   31777274
     1758	rs984685   	   31777436
     1759	rs1266071  	   31777475
     1760	rs12527088 	   31778422
     1761	rs13207247 	   31779109
     1762	rs9267545  	   31779858
     1763	rs9267546  	   31781415
     1764	rs9469038  	   31782447
     1765	rs805295   	   31783276
     1766	rs9267547  	   31783480
     1767	rs2242653  	   31783744
     1768	rs805287   	   31786709
     1769	rs3793125  	   31786983
     1770	rs9469039  	   31787221
     1771	rs805286   	   31787286
     1772	rs9469040  	   31787853
     1773	rs9469041  	   31788184
     1774	rs385306   	   31789139
     1775	rs442391   	   31789268
     1776	rs805284   	   31790008
     1777	rs9469042  	   31790997
     1778	rs3749952  	   31791136
     1779	rs9267550  	   31791302
     1780	rs11752227 	   31793368
     1781	rs15574    	   31794476
     1782	rs1065356  	   31794987
     1783	rs13214568 	   31795043
     1784	rs376510   	   31796179
     1785	rs2736197  	   31796367
     1786	rs805293   	   31796497
     1787	rs4713479  	   31796778
     1788	rs805292   	   31797988
     1789	rs423213   	   31799154
     1790	rs453098   	   31799636
     1791	rs4947252  	   31799645
     1792	rs407283   	   31800949
     1793	rs3116672  	   31802304
     1794	rs6912515  	   31804049
     1795	rs707916   	   31805537
     1796	rs3763297  	   31805645
     1797	rs453560   	   31805655
     1798	rs9267551  	   31805936
     1799	rs805304   	   31806067
     1800	rs2272592  	   31806331
     1801	rs9469043  	   31807911
     1802	rs2293852  	   31807959
     1803	rs9380267  	   31810494
     1804	rs7451018  	   31810567
     1805	rs400547   	   31810689
     1806	rs400502   	   31810737
     1807	rs9267553  	   31811151
     1808	rs3131383  	   31812273
     1809	rs3101018  	   31813843
     1810	rs13194402 	   31815323
     1811	rs1144708  	   31817999
     1812	rs707915   	   31818947
     1813	rs11964779 	   31819603
     1814	rs3749953  	   31821103
     1815	rs3828922  	   31821433
     1816	rs2299850  	   31826014
     1817	rs2299851  	   31826581
     1818	rs2445688  	   31827908
     1819	rs3131379  	   31829012
     1820	rs11754464 	   31831714
     1821	rs9469047  	   31832849
     1822	rs3117574  	   31833209
     1823	rs3131378  	   31833264
     1824	rs3117575  	   31834232
     1825	rs707939   	   31834667
     1826	rs3117577  	   31835453
     1827	rs9461718  	   31835801
     1828	rs3115672  	   31835876
     1829	rs2075801  	   31836246
     1830	rs707937   	   31838993
     1831	rs6905572  	   31839860
     1832	rs11967206 	   31840658
     1833	rs707936   	   31841629
     1834	rs3115671  	   31842324
     1835	rs11966331 	   31844814
     1836	rs9469048  	   31845680
     1837	rs3101016  	   31846783
     1838	rs9469050  	   31849057
     1839	rs7769899  	   31850220
     1840	rs707928   	   31850569
     1841	rs9461725  	   31853065
     1842	rs2736426  	   31853263
     1843	rs707927   	   31853497
     1844	rs707926   	   31856799
     1845	rs743399   	   31857783
     1846	rs11531    	   31858488
     1847	rs2607012  	   31858732
     1848	rs12215409 	   31860639
     1849	rs11751198 	   31861505
     1850	rs12110369 	   31862075
     1851	rs9368697  	   31868288
     1852	rs4713488  	   31870290
     1853	rs480092   	   31872878
     1854	rs12212242 	   31876950
     1855	rs9296002  	   31878390
     1856	rs2242668  	   31881800
     1857	rs2075800  	   31885925
     1858	rs2227956  	   31886251
     1859	rs2075799  	   31886508
     1860	rs7757496  	   31888214
     1861	rs1043618  	   31891486
     1862	rs9469058  	   31896029
     1863	rs13211317 	   31897898
     1864	rs2763979  	   31902571
     1865	rs2607017  	   31903639
     1866	rs668558   	   31905902
     1867	rs7764451  	   31906921
     1868	rs6908775  	   31907063
     1869	rs7769158  	   31907473
     1870	rs11965654 	   31908686
     1871	rs2471980  	   31908847
     1872	rs9368699  	   31910520
     1873	rs9368700  	   31910663
     1874	rs11752103 	   31910749
     1875	rs12206600 	   31911242
     1876	rs12206601 	   31911245
     1877	rs10456397 	   31911993
     1878	rs6921489  	   31912625
     1879	rs9469059  	   31912644
     1880	rs9469060  	   31912694
     1881	rs11968400 	   31912708
     1882	rs733539   	   31915468
     1883	rs3130679  	   31915519
     1884	rs599707   	   31916415
     1885	rs3115673  	   31918064
     1886	rs12192093 	   31919396
     1887	rs9469063  	   31921555
     1888	rs12210887 	   31923702
     1889	rs574914   	   31927355
     1890	rs12206140 	   31931286
     1891	rs9267649  	   31932807
     1892	rs13118    	   31935265
     1893	rs3130678  	   31935419
     1894	rs12181120 	   31939700
     1895	rs6915800  	   31941639
     1896	rs660594   	   31945229
     1897	rs644827   	   31946420
     1898	rs494620   	   31946692
     1899	rs2242665  	   31947288
     1900	rs3130481  	   31947735
     1901	rs12661281 	   31950577
     1902	rs13192107 	   31951502
     1903	rs2736428  	   31951903
     1904	rs6907185  	   31952663
     1905	rs9267658  	   31953964
     1906	rs9267659  	   31954213
     1907	rs605203   	   31954991
     1908	rs589428   	   31956199
     1909	rs9461728  	   31956259
     1910	rs555007   	   31958311
     1911	rs652888   	   31959213
     1912	rs3869145  	   31959333
     1913	rs2844458  	   31959448
     1914	rs9267660  	   31959863
     1915	rs608118   	   31962343
     1916	rs7743807  	   31962522
     1917	rs486416   	   31964049
     1918	rs535586   	   31968316
     1919	rs659445   	   31972283
     1920	rs7887     	   31972526
     1921	rs2844455  	   31977652
     1922	rs558702   	   31978305
     1923	rs9267665  	   31978835
     1924	rs9267666  	   31978977
     1925	rs11755921 	   31979733
     1926	rs2763982  	   31980530
     1927	rs571220   	   31982484
     1928	rs1314000  	   31986412
     1929	rs3128761  	   31987137
     1930	rs9267673  	   31991658
     1931	rs644045   	   31991936
     1932	rs3130683  	   31996346
     1933	rs511294   	   31996848
     1934	rs544167   	   31998137
     1935	rs497309   	   32000463
     1936	rs498240   	   32000571
     1937	rs9267677  	   32000620
     1938	rs10947225 	   32001049
     1939	rs2734335  	   32001923
     1940	rs3020644  	   32002605
     1941	rs9332702  	   32002797
     1942	rs9332732  	   32003048
     1943	rs9332703  	   32003195
     1944	rs4711281  	   32003220
     1945	rs9332704  	   32003598
     1946	rs7746553  	   32003952
     1947	rs9332705  	   32004091
     1948	rs9332735  	   32009752
     1949	rs621701   	   32011100
     1950	rs9332739  	   32011783
     1951	rs1042663  	   32013109
     1952	rs9380272  	   32013989
     1953	rs550605   	   32015126
     1954	rs9332724  	   32015344
     1955	rs638383   	   32016203
     1956	rs9332726  	   32016449
     1957	rs497239   	   32016740
     1958	rs9332728  	   32017111
     1959	rs609061   	   32018141
     1960	rs542654   	   32018435
     1961	rs4151666  	   32020837
     1962	rs4151648  	   32021054
     1963	rs4151667  	   32022003
     1964	rs641153   	   32022159
     1965	rs4151668  	   32022648
     1966	rs13194698 	   32022652
     1967	rs11754061 	   32022816
     1968	rs4151650  	   32022869
     1969	rs1048709  	   32022914
     1970	rs4151669  	   32023123
     1971	rs4151670  	   32023511
     1972	rs4151651  	   32023593
     1973	rs4151652  	   32023925
     1974	rs512559   	   32024041
     1975	rs537160   	   32024379
     1976	rs4151654  	   32024895
     1977	rs541862   	   32024930
     1978	rs4151655  	   32024964
     1979	rs2072634  	   32025270
     1980	rs4151656  	   32025320
     1981	rs4151657  	   32025519
     1982	rs4151659  	   32026443
     1983	rs1270942  	   32026839
     1984	rs4151660  	   32026997
     1985	rs2072633  	   32027557
     1986	rs4151672  	   32027809
     1987	rs522162   	   32027896
     1988	rs760070   	   32027935
     1989	rs3880457  	   32028198
     1990	rs4151663  	   32028576
     1991	rs550513   	   32028666
     1992	rs4151664  	   32028852
     1993	rs2072632  	   32029454
     1994	rs9267784  	   32031277
     1995	rs11756465 	   32031522
     1996	rs9501161  	   32032306
     1997	rs9267785  	   32032848
     1998	rs403569   	   32032859
     1999	rs440454   	   32035321
     2000	rs438999   	   32036285
     2001	rs2280774  	   32036670
     2002	rs419788   	   32036778
     2003	rs437179   	   32036993
     2004	rs2746401  	   32037238
     2005	rs429608   	   32038441
     2006	rs11966031 	   32039588
     2007	rs9296003  	   32040487
     2008	rs406936   	   32041140
     2009	rs454212   	   32042351
     2010	rs453821   	   32043290
     2011	rs2075562  	   32043343
     2012	rs106287   	   32043729
     2013	rs449643   	   32044658
     2014	rs449283   	   32045016
     2015	rs2734329  	   32045093
     2016	rs2746400  	   32045443
     2017	rs2075702  	   32045490
     2018	rs2746396  	   32047243
     2019	rs2734327  	   32048294
     2020	rs387608   	   32049536
     2021	rs2734325  	   32053625
     2022	rs391165   	   32055065
     2023	rs389883   	   32055439
     2024	rs389512   	   32055573
     2025	rs2854431  	   32055926
     2026	rs3130676  	   32081135
     2027	rs2142037  	   32113494
     2028	rs11757034 	   32114701
     2029	rs6474     	   32114865
     2030	rs1040312  	   32115287
     2031	rs12525076 	   32115438
     2032	rs6457     	   32115532
     2033	rs6472     	   32115828
     2034	rs6457476  	   32117333
     2035	rs7756934  	   32117354
     2036	rs6920540  	   32117466
     2037	rs17421133 	   32118251
     2038	rs10807095 	   32121824
     2039	rs11968543 	   32121869
     2040	rs7741300  	   32121967
     2041	rs433061   	   32122806
     2042	rs2856447  	   32124200
     2043	rs2856446  	   32124201
     2044	rs2856443  	   32124642
     2045	rs10046127 	   32125499
     2046	rs2857013  	   32126866
     2047	rs2077580  	   32128822
     2048	rs2857010  	   32129398
     2049	rs9469078  	   32131103
     2050	rs9267796  	   32131403
     2051	rs12524441 	   32132212
     2052	rs1009382  	   32134085
     2053	rs3130285  	   32134235
     2054	rs1150758  	   32136127
     2055	rs2269429  	   32137161
     2056	rs204885   	   32137907
     2057	rs2239689  	   32138262
     2058	rs11753763 	   32139895
     2059	rs9469079  	   32140399
     2060	rs3749960  	   32140734
     2061	rs7766862  	   32140985
     2062	rs3117189  	   32141922
     2063	rs9469080  	   32143405
     2064	rs3749962  	   32144335
     2065	rs2071295  	   32146678
     2066	rs9469082  	   32148909
     2067	rs11751545 	   32149021
     2068	rs9368704  	   32149351
     2069	rs204880   	   32149969
     2070	rs3130286  	   32150300
